$ next build
- info Creating an optimized production build...
- info Compiled successfully
- info Linting and checking validity of types...
- warn The Next.js plugin was not detected in your ESLint configuration. See https://nextjs.org/docs/basic-features/eslint#migrating-existing-config
- info Collecting page data...
- info Generating static pages (0/12)
In React 18, SSRProvider is not necessary and is a noop. You can remove it from your app.
In React 18, SSRProvider is not necessary and is a noop. You can remove it from your app.
In React 18, SSRProvider is not necessary and is a noop. You can remove it from your app.
In React 18, SSRProvider is not necessary and is a noop. You can remove it from your app.
In React 18, SSRProvider is not necessary and is a noop. You can remove it from your app.
In React 18, SSRProvider is not necessary and is a noop. You can remove it from your app.
In React 18, SSRProvider is not necessary and is a noop. You can remove it from your app.
- info Generating static pages (3/12)
- info Generating static pages (6/12)
- info Generating static pages (9/12)
- info Generating static pages (12/12)
- info Finalizing page optimization...

Route (app)                                             Size     First Load JS
┌ ● /[locale]                                           11.3 kB         417 kB
├   ├ /en
├   └ /hi
├ λ /[locale]/[district]                                7.46 kB         114 kB
├ λ /[locale]/[district]/[department]                   6.36 kB         150 kB
├ λ /[locale]/[district]/[department]/[scheme]          48.9 kB         480 kB
├ ● /[locale]/dashboard                                 414 B          78.3 kB
├   ├ /en/dashboard
├   └ /hi/dashboard
├ ● /[locale]/dashboard/account                         4.69 kB        90.8 kB
├   ├ /en/dashboard/account
├   └ /hi/dashboard/account
├ ● /[locale]/dashboard/dataset                         5.75 kB         202 kB
├   ├ /en/dashboard/dataset
├   └ /hi/dashboard/dataset
├ λ /[locale]/dashboard/dataset/[id]                    8.2 kB          134 kB
├ λ /[locale]/dashboard/dataset/[id]/edit               1.19 kB         224 kB
├ λ /[locale]/dashboard/dataset/[id]/edit/distribution  10.4 kB         210 kB
├ λ /[locale]/dashboard/dataset/[id]/edit/metadata      30.2 kB         224 kB
└ ● /[locale]/dashboard/dataset/new                     1.72 kB         222 kB
    ├ /en/dashboard/dataset/new
    └ /hi/dashboard/dataset/new
+ First Load JS shared by all                           77.9 kB
  ├ chunks/7698-cfa6f94f92ae0aa0.js                     25.3 kB
  ├ chunks/bce60fc1-6c3ffaa101c3936e.js                 50.5 kB
  ├ chunks/main-app-c7d15916c71b0d00.js                 224 B
  └ chunks/webpack-eef7733d8596e7cb.js                  1.9 kB

Route (pages)                                           Size     First Load JS
─ ○ /404                                                185 B          75.9 kB
+ First Load JS shared by all                           75.7 kB
  ├ chunks/framework-37fc2906c9012f20.js                45.1 kB
  ├ chunks/main-70f5704c47c7a7a2.js                     28.6 kB
  ├ chunks/pages/_app-0fe44225c17aa1f2.js               199 B
  └ chunks/webpack-eef7733d8596e7cb.js                  1.9 kB

ƒ Middleware                                            26.7 kB

λ  (Server)  server-side renders at runtime (uses getInitialProps or getServerSideProps)
○  (Static)  automatically rendered as static HTML (uses no initial props)
●  (SSG)     automatically generated as static HTML + JSON (uses getStaticProps)

